[18-Dec-2025 15:02:29 UTC] PHP Parse error:  syntax error, unexpected token "}" in C:\Users\mikeq\Local Sites\fictional-university\app\public\wp-content\themes\fictional-university-theme\index.php on line 6
[19-Dec-2025 15:02:52 UTC] PHP Parse error:  Unclosed '{' on line 5 in C:\Users\mikeq\Local Sites\fictional-university\app\public\wp-content\themes\fictional-university-theme\page.php on line 54
[19-Dec-2025 15:09:59 UTC] PHP Parse error:  syntax error, unexpected token "}" in C:\Users\mikeq\Local Sites\fictional-university\app\public\wp-content\themes\fictional-university-theme\page.php on line 28
[19-Dec-2025 16:19:10 UTC] PHP Warning:  foreach() argument must be of type array|object, string given in C:\Users\mikeq\Local Sites\fictional-university\app\public\wp-includes\nav-menu.php on line 95
[19-Dec-2025 16:19:10 UTC] PHP Fatal error:  Uncaught TypeError: array_merge(): Argument #2 must be of type array, string given in C:\Users\mikeq\Local Sites\fictional-university\app\public\wp-includes\nav-menu.php:102
Stack trace:
#0 C:\Users\mikeq\Local Sites\fictional-university\app\public\wp-includes\nav-menu.php(102): array_merge(Array, 'headerMenuLocat...')
#1 C:\Users\mikeq\Local Sites\fictional-university\app\public\wp-content\themes\fictional-university-theme\functions.php(14): register_nav_menus('headerMenuLocat...', 'Header Menu Loc...')
#2 C:\Users\mikeq\Local Sites\fictional-university\app\public\wp-includes\class-wp-hook.php(341): university_features('')
#3 C:\Users\mikeq\Local Sites\fictional-university\app\public\wp-includes\class-wp-hook.php(365): WP_Hook->apply_filters(NULL, Array)
#4 C:\Users\mikeq\Local Sites\fictional-university\app\public\wp-includes\plugin.php(522): WP_Hook->do_action(Array)
#5 C:\Users\mikeq\Local Sites\fictional-university\app\public\wp-settings.php(720): do_action('after_setup_the...')
#6 C:\Users\mikeq\Local Sites\fictional-university\app\public\wp-config.php(103): require_once('C:\\Users\\mikeq\\...')
#7 C:\Users\mikeq\Local Sites\fictional-university\app\public\wp-load.php(50): require_once('C:\\Users\\mikeq\\...')
#8 C:\Users\mikeq\Local Sites\fictional-university\app\public\wp-admin\admin-ajax.php(22): require_once('C:\\Users\\mikeq\\...')
#9 {main}
  thrown in C:\Users\mikeq\Local Sites\fictional-university\app\public\wp-includes\nav-menu.php on line 102
[19-Dec-2025 16:19:12 UTC] PHP Warning:  foreach() argument must be of type array|object, string given in C:\Users\mikeq\Local Sites\fictional-university\app\public\wp-includes\nav-menu.php on line 95
[19-Dec-2025 16:19:12 UTC] PHP Fatal error:  Uncaught TypeError: array_merge(): Argument #2 must be of type array, string given in C:\Users\mikeq\Local Sites\fictional-university\app\public\wp-includes\nav-menu.php:102
Stack trace:
#0 C:\Users\mikeq\Local Sites\fictional-university\app\public\wp-includes\nav-menu.php(102): array_merge(Array, 'headerMenuLocat...')
#1 C:\Users\mikeq\Local Sites\fictional-university\app\public\wp-content\themes\fictional-university-theme\functions.php(14): register_nav_menus('headerMenuLocat...', 'Header Menu Loc...')
#2 C:\Users\mikeq\Local Sites\fictional-university\app\public\wp-includes\class-wp-hook.php(341): university_features('')
#3 C:\Users\mikeq\Local Sites\fictional-university\app\public\wp-includes\class-wp-hook.php(365): WP_Hook->apply_filters(NULL, Array)
#4 C:\Users\mikeq\Local Sites\fictional-university\app\public\wp-includes\plugin.php(522): WP_Hook->do_action(Array)
#5 C:\Users\mikeq\Local Sites\fictional-university\app\public\wp-settings.php(720): do_action('after_setup_the...')
#6 C:\Users\mikeq\Local Sites\fictional-university\app\public\wp-config.php(103): require_once('C:\\Users\\mikeq\\...')
#7 C:\Users\mikeq\Local Sites\fictional-university\app\public\wp-load.php(50): require_once('C:\\Users\\mikeq\\...')
#8 C:\Users\mikeq\Local Sites\fictional-university\app\public\wp-admin\admin.php(35): require_once('C:\\Users\\mikeq\\...')
#9 C:\Users\mikeq\Local Sites\fictional-university\app\public\wp-admin\themes.php(10): require_once('C:\\Users\\mikeq\\...')
#10 {main}
  thrown in C:\Users\mikeq\Local Sites\fictional-university\app\public\wp-includes\nav-menu.php on line 102
[19-Dec-2025 16:19:14 UTC] PHP Warning:  foreach() argument must be of type array|object, string given in C:\Users\mikeq\Local Sites\fictional-university\app\public\wp-includes\nav-menu.php on line 95
[19-Dec-2025 16:19:14 UTC] PHP Fatal error:  Uncaught TypeError: array_merge(): Argument #2 must be of type array, string given in C:\Users\mikeq\Local Sites\fictional-university\app\public\wp-includes\nav-menu.php:102
Stack trace:
#0 C:\Users\mikeq\Local Sites\fictional-university\app\public\wp-includes\nav-menu.php(102): array_merge(Array, 'headerMenuLocat...')
#1 C:\Users\mikeq\Local Sites\fictional-university\app\public\wp-content\themes\fictional-university-theme\functions.php(14): register_nav_menus('headerMenuLocat...', 'Header Menu Loc...')
#2 C:\Users\mikeq\Local Sites\fictional-university\app\public\wp-includes\class-wp-hook.php(341): university_features('')
#3 C:\Users\mikeq\Local Sites\fictional-university\app\public\wp-includes\class-wp-hook.php(365): WP_Hook->apply_filters(NULL, Array)
#4 C:\Users\mikeq\Local Sites\fictional-university\app\public\wp-includes\plugin.php(522): WP_Hook->do_action(Array)
#5 C:\Users\mikeq\Local Sites\fictional-university\app\public\wp-settings.php(720): do_action('after_setup_the...')
#6 C:\Users\mikeq\Local Sites\fictional-university\app\public\wp-config.php(103): require_once('C:\\Users\\mikeq\\...')
#7 C:\Users\mikeq\Local Sites\fictional-university\app\public\wp-load.php(50): require_once('C:\\Users\\mikeq\\...')
#8 C:\Users\mikeq\Local Sites\fictional-university\app\public\wp-admin\admin.php(35): require_once('C:\\Users\\mikeq\\...')
#9 C:\Users\mikeq\Local Sites\fictional-university\app\public\wp-admin\index.php(10): require_once('C:\\Users\\mikeq\\...')
#10 {main}
  thrown in C:\Users\mikeq\Local Sites\fictional-university\app\public\wp-includes\nav-menu.php on line 102
[19-Dec-2025 16:19:16 UTC] PHP Warning:  foreach() argument must be of type array|object, string given in C:\Users\mikeq\Local Sites\fictional-university\app\public\wp-includes\nav-menu.php on line 95
[19-Dec-2025 16:19:16 UTC] PHP Fatal error:  Uncaught TypeError: array_merge(): Argument #2 must be of type array, string given in C:\Users\mikeq\Local Sites\fictional-university\app\public\wp-includes\nav-menu.php:102
Stack trace:
#0 C:\Users\mikeq\Local Sites\fictional-university\app\public\wp-includes\nav-menu.php(102): array_merge(Array, 'headerMenuLocat...')
#1 C:\Users\mikeq\Local Sites\fictional-university\app\public\wp-content\themes\fictional-university-theme\functions.php(14): register_nav_menus('headerMenuLocat...', 'Header Menu Loc...')
#2 C:\Users\mikeq\Local Sites\fictional-university\app\public\wp-includes\class-wp-hook.php(341): university_features('')
#3 C:\Users\mikeq\Local Sites\fictional-university\app\public\wp-includes\class-wp-hook.php(365): WP_Hook->apply_filters(NULL, Array)
#4 C:\Users\mikeq\Local Sites\fictional-university\app\public\wp-includes\plugin.php(522): WP_Hook->do_action(Array)
#5 C:\Users\mikeq\Local Sites\fictional-university\app\public\wp-settings.php(720): do_action('after_setup_the...')
#6 C:\Users\mikeq\Local Sites\fictional-university\app\public\wp-config.php(103): require_once('C:\\Users\\mikeq\\...')
#7 C:\Users\mikeq\Local Sites\fictional-university\app\public\wp-load.php(50): require_once('C:\\Users\\mikeq\\...')
#8 C:\Users\mikeq\Local Sites\fictional-university\app\public\wp-blog-header.php(13): require_once('C:\\Users\\mikeq\\...')
#9 C:\Users\mikeq\Local Sites\fictional-university\app\public\index.php(17): require('C:\\Users\\mikeq\\...')
#10 {main}
  thrown in C:\Users\mikeq\Local Sites\fictional-university\app\public\wp-includes\nav-menu.php on line 102
[19-Dec-2025 16:19:23 UTC] PHP Warning:  foreach() argument must be of type array|object, string given in C:\Users\mikeq\Local Sites\fictional-university\app\public\wp-includes\nav-menu.php on line 95
[19-Dec-2025 16:19:23 UTC] PHP Fatal error:  Uncaught TypeError: array_merge(): Argument #2 must be of type array, string given in C:\Users\mikeq\Local Sites\fictional-university\app\public\wp-includes\nav-menu.php:102
Stack trace:
#0 C:\Users\mikeq\Local Sites\fictional-university\app\public\wp-includes\nav-menu.php(102): array_merge(Array, 'headerMenuLocat...')
#1 C:\Users\mikeq\Local Sites\fictional-university\app\public\wp-content\themes\fictional-university-theme\functions.php(14): register_nav_menus('headerMenuLocat...', 'Header Menu Loc...')
#2 C:\Users\mikeq\Local Sites\fictional-university\app\public\wp-includes\class-wp-hook.php(341): university_features('')
#3 C:\Users\mikeq\Local Sites\fictional-university\app\public\wp-includes\class-wp-hook.php(365): WP_Hook->apply_filters(NULL, Array)
#4 C:\Users\mikeq\Local Sites\fictional-university\app\public\wp-includes\plugin.php(522): WP_Hook->do_action(Array)
#5 C:\Users\mikeq\Local Sites\fictional-university\app\public\wp-settings.php(720): do_action('after_setup_the...')
#6 C:\Users\mikeq\Local Sites\fictional-university\app\public\wp-config.php(103): require_once('C:\\Users\\mikeq\\...')
#7 C:\Users\mikeq\Local Sites\fictional-university\app\public\wp-load.php(50): require_once('C:\\Users\\mikeq\\...')
#8 C:\Users\mikeq\Local Sites\fictional-university\app\public\wp-admin\admin.php(35): require_once('C:\\Users\\mikeq\\...')
#9 C:\Users\mikeq\Local Sites\fictional-university\app\public\wp-admin\index.php(10): require_once('C:\\Users\\mikeq\\...')
#10 {main}
  thrown in C:\Users\mikeq\Local Sites\fictional-university\app\public\wp-includes\nav-menu.php on line 102
[19-Dec-2025 16:20:44 UTC] PHP Warning:  foreach() argument must be of type array|object, string given in C:\Users\mikeq\Local Sites\fictional-university\app\public\wp-includes\nav-menu.php on line 95
[19-Dec-2025 16:20:44 UTC] PHP Fatal error:  Uncaught TypeError: array_merge(): Argument #2 must be of type array, string given in C:\Users\mikeq\Local Sites\fictional-university\app\public\wp-includes\nav-menu.php:102
Stack trace:
#0 C:\Users\mikeq\Local Sites\fictional-university\app\public\wp-includes\nav-menu.php(102): array_merge(Array, 'headerMenuLocat...')
#1 C:\Users\mikeq\Local Sites\fictional-university\app\public\wp-content\themes\fictional-university-theme\functions.php(14): register_nav_menus('headerMenuLocat...', 'Header Menu Loc...')
#2 C:\Users\mikeq\Local Sites\fictional-university\app\public\wp-includes\class-wp-hook.php(341): university_features('')
#3 C:\Users\mikeq\Local Sites\fictional-university\app\public\wp-includes\class-wp-hook.php(365): WP_Hook->apply_filters(NULL, Array)
#4 C:\Users\mikeq\Local Sites\fictional-university\app\public\wp-includes\plugin.php(522): WP_Hook->do_action(Array)
#5 C:\Users\mikeq\Local Sites\fictional-university\app\public\wp-settings.php(720): do_action('after_setup_the...')
#6 C:\Users\mikeq\Local Sites\fictional-university\app\public\wp-config.php(103): require_once('C:\\Users\\mikeq\\...')
#7 C:\Users\mikeq\Local Sites\fictional-university\app\public\wp-load.php(50): require_once('C:\\Users\\mikeq\\...')
#8 C:\Users\mikeq\Local Sites\fictional-university\app\public\wp-admin\admin.php(35): require_once('C:\\Users\\mikeq\\...')
#9 C:\Users\mikeq\Local Sites\fictional-university\app\public\wp-admin\index.php(10): require_once('C:\\Users\\mikeq\\...')
#10 {main}
  thrown in C:\Users\mikeq\Local Sites\fictional-university\app\public\wp-includes\nav-menu.php on line 102
[19-Dec-2025 16:20:44 UTC] PHP Warning:  foreach() argument must be of type array|object, string given in C:\Users\mikeq\Local Sites\fictional-university\app\public\wp-includes\nav-menu.php on line 95
[19-Dec-2025 16:20:44 UTC] PHP Fatal error:  Uncaught TypeError: array_merge(): Argument #2 must be of type array, string given in C:\Users\mikeq\Local Sites\fictional-university\app\public\wp-includes\nav-menu.php:102
Stack trace:
#0 C:\Users\mikeq\Local Sites\fictional-university\app\public\wp-includes\nav-menu.php(102): array_merge(Array, 'headerMenuLocat...')
#1 C:\Users\mikeq\Local Sites\fictional-university\app\public\wp-content\themes\fictional-university-theme\functions.php(14): register_nav_menus('headerMenuLocat...', 'Header Menu Loc...')
#2 C:\Users\mikeq\Local Sites\fictional-university\app\public\wp-includes\class-wp-hook.php(341): university_features('')
#3 C:\Users\mikeq\Local Sites\fictional-university\app\public\wp-includes\class-wp-hook.php(365): WP_Hook->apply_filters(NULL, Array)
#4 C:\Users\mikeq\Local Sites\fictional-university\app\public\wp-includes\plugin.php(522): WP_Hook->do_action(Array)
#5 C:\Users\mikeq\Local Sites\fictional-university\app\public\wp-settings.php(720): do_action('after_setup_the...')
#6 C:\Users\mikeq\Local Sites\fictional-university\app\public\wp-config.php(103): require_once('C:\\Users\\mikeq\\...')
#7 C:\Users\mikeq\Local Sites\fictional-university\app\public\wp-load.php(50): require_once('C:\\Users\\mikeq\\...')
#8 C:\Users\mikeq\Local Sites\fictional-university\app\public\wp-blog-header.php(13): require_once('C:\\Users\\mikeq\\...')
#9 C:\Users\mikeq\Local Sites\fictional-university\app\public\index.php(17): require('C:\\Users\\mikeq\\...')
#10 {main}
  thrown in C:\Users\mikeq\Local Sites\fictional-university\app\public\wp-includes\nav-menu.php on line 102
[19-Dec-2025 19:33:54 UTC] PHP Fatal error:  Uncaught Error: Undefined constant "get" in C:\Users\mikeq\Local Sites\fictional-university\app\public\wp-content\themes\fictional-university-theme\index.php:4
Stack trace:
#0 C:\Users\mikeq\Local Sites\fictional-university\app\public\wp-includes\template-loader.php(125): include()
#1 C:\Users\mikeq\Local Sites\fictional-university\app\public\wp-blog-header.php(19): require_once('C:\\Users\\mikeq\\...')
#2 C:\Users\mikeq\Local Sites\fictional-university\app\public\index.php(17): require('C:\\Users\\mikeq\\...')
#3 {main}
  thrown in C:\Users\mikeq\Local Sites\fictional-university\app\public\wp-content\themes\fictional-university-theme\index.php on line 4
[19-Dec-2025 19:34:30 UTC] PHP Fatal error:  Uncaught Error: Undefined constant "get" in C:\Users\mikeq\Local Sites\fictional-university\app\public\wp-content\themes\fictional-university-theme\index.php:4
Stack trace:
#0 C:\Users\mikeq\Local Sites\fictional-university\app\public\wp-includes\template-loader.php(125): include()
#1 C:\Users\mikeq\Local Sites\fictional-university\app\public\wp-blog-header.php(19): require_once('C:\\Users\\mikeq\\...')
#2 C:\Users\mikeq\Local Sites\fictional-university\app\public\index.php(17): require('C:\\Users\\mikeq\\...')
#3 {main}
  thrown in C:\Users\mikeq\Local Sites\fictional-university\app\public\wp-content\themes\fictional-university-theme\index.php on line 4
[23-Dec-2025 14:26:12 UTC] PHP Fatal error:  Uncaught ArgumentCountError: Too few arguments to function get_post_type_archive_link(), 0 passed in C:\Users\mikeq\Local Sites\fictional-university\app\public\wp-content\themes\fictional-university-theme\single-event.php on line 20 and exactly 1 expected in C:\Users\mikeq\Local Sites\fictional-university\app\public\wp-includes\link-template.php:1302
Stack trace:
#0 C:\Users\mikeq\Local Sites\fictional-university\app\public\wp-content\themes\fictional-university-theme\single-event.php(20): get_post_type_archive_link()
#1 C:\Users\mikeq\Local Sites\fictional-university\app\public\wp-includes\template-loader.php(125): include('C:\\Users\\mikeq\\...')
#2 C:\Users\mikeq\Local Sites\fictional-university\app\public\wp-blog-header.php(19): require_once('C:\\Users\\mikeq\\...')
#3 C:\Users\mikeq\Local Sites\fictional-university\app\public\index.php(17): require('C:\\Users\\mikeq\\...')
#4 {main}
  thrown in C:\Users\mikeq\Local Sites\fictional-university\app\public\wp-includes\link-template.php on line 1302
[05-Jan-2026 15:02:43 UTC] PHP Fatal error:  Uncaught ArgumentCountError: Too few arguments to function WP_Query::set(), 0 passed in C:\Users\mikeq\Local Sites\fictional-university\app\public\wp-content\themes\fictional-university-theme\functions.php on line 24 and exactly 2 expected in C:\Users\mikeq\Local Sites\fictional-university\app\public\wp-includes\class-wp-query.php:1878
Stack trace:
#0 C:\Users\mikeq\Local Sites\fictional-university\app\public\wp-content\themes\fictional-university-theme\functions.php(24): WP_Query->set()
#1 C:\Users\mikeq\Local Sites\fictional-university\app\public\wp-includes\class-wp-hook.php(341): university_adjust_queries(Object(WP_Query))
#2 C:\Users\mikeq\Local Sites\fictional-university\app\public\wp-includes\class-wp-hook.php(365): WP_Hook->apply_filters('', Array)
#3 C:\Users\mikeq\Local Sites\fictional-university\app\public\wp-includes\plugin.php(570): WP_Hook->do_action(Array)
#4 C:\Users\mikeq\Local Sites\fictional-university\app\public\wp-includes\class-wp-query.php(1910): do_action_ref_array('pre_get_posts', Array)
#5 C:\Users\mikeq\Local Sites\fictional-university\app\public\wp-includes\class-wp-query.php(3958): WP_Query->get_posts()
#6 C:\Users\mikeq\Local Sites\fictional-university\app\public\wp-includes\class-wp.php(704): WP_Query->query(Array)
#7 C:\Users\mikeq\Local Sites\fictional-university\app\public\wp-includes\class-wp.php(824): WP->query_posts()
#8 C:\Users\mikeq\Local Sites\fictional-university\app\public\wp-includes\functions.php(1343): WP->main('')
#9 C:\Users\mikeq\Local Sites\fictional-university\app\public\wp-blog-header.php(16): wp()
#10 C:\Users\mikeq\Local Sites\fictional-university\app\public\index.php(17): require('C:\\Users\\mikeq\\...')
#11 {main}
  thrown in C:\Users\mikeq\Local Sites\fictional-university\app\public\wp-includes\class-wp-query.php on line 1878
[05-Jan-2026 15:40:40 UTC] PHP Warning:  Attempt to read property "ID" on null in C:\Users\mikeq\Local Sites\fictional-university\app\public\wp-content\themes\fictional-university-theme\header.php on line 29
[05-Jan-2026 15:41:14 UTC] PHP Parse error:  syntax error, unexpected token "<", expecting end of file in C:\Users\mikeq\Local Sites\fictional-university\app\public\wp-content\themes\fictional-university-theme\header.php on line 29
[06-Jan-2026 15:37:39 UTC] PHP Warning:  Undefined array key "size" in C:\Users\mikeq\Local Sites\fictional-university\app\public\wp-content\plugins\manual-image-crop\lib\ManualImageCropEditorWindow.php on line 79
[06-Jan-2026 15:38:53 UTC] PHP Warning:  Undefined array key "size" in C:\Users\mikeq\Local Sites\fictional-university\app\public\wp-content\plugins\manual-image-crop\lib\ManualImageCropEditorWindow.php on line 79
[06-Jan-2026 15:40:44 UTC] PHP Warning:  Undefined array key "size" in C:\Users\mikeq\Local Sites\fictional-university\app\public\wp-content\plugins\manual-image-crop\lib\ManualImageCropEditorWindow.php on line 79
[06-Jan-2026 15:50:46 UTC] PHP Warning:  Undefined array key "size" in C:\Users\mikeq\Local Sites\fictional-university\app\public\wp-content\plugins\manual-image-crop\lib\ManualImageCropEditorWindow.php on line 79
[06-Jan-2026 16:05:02 UTC] PHP Warning:  Undefined array key "size" in C:\Users\mikeq\Local Sites\fictional-university\app\public\wp-content\plugins\manual-image-crop\lib\ManualImageCropEditorWindow.php on line 79
[06-Jan-2026 16:23:23 UTC] PHP Warning:  Undefined array key "title" in C:\Users\mikeq\Local Sites\fictional-university\app\public\wp-content\themes\fictional-university-theme\functions.php on line 4
[06-Jan-2026 16:23:54 UTC] PHP Warning:  Undefined array key "title" in C:\Users\mikeq\Local Sites\fictional-university\app\public\wp-content\themes\fictional-university-theme\functions.php on line 4
[06-Jan-2026 16:24:37 UTC] PHP Warning:  Undefined array key "title" in C:\Users\mikeq\Local Sites\fictional-university\app\public\wp-content\themes\fictional-university-theme\functions.php on line 4
[06-Jan-2026 16:24:38 UTC] PHP Warning:  Undefined array key "title" in C:\Users\mikeq\Local Sites\fictional-university\app\public\wp-content\themes\fictional-university-theme\functions.php on line 4
[06-Jan-2026 16:28:05 UTC] PHP Warning:  Undefined array key "title" in C:\Users\mikeq\Local Sites\fictional-university\app\public\wp-content\themes\fictional-university-theme\functions.php on line 4
[06-Jan-2026 16:28:47 UTC] PHP Warning:  Array to string conversion in C:\Users\mikeq\Local Sites\fictional-university\app\public\wp-content\themes\fictional-university-theme\functions.php on line 19
[06-Jan-2026 16:29:36 UTC] PHP Warning:  Array to string conversion in C:\Users\mikeq\Local Sites\fictional-university\app\public\wp-content\themes\fictional-university-theme\functions.php on line 19
[06-Jan-2026 16:31:54 UTC] PHP Warning:  Undefined array key "size" in C:\Users\mikeq\Local Sites\fictional-university\app\public\wp-content\plugins\manual-image-crop\lib\ManualImageCropEditorWindow.php on line 79
[06-Jan-2026 16:34:05 UTC] PHP Fatal error:  Uncaught TypeError: Cannot access offset of type string on string in C:\Users\mikeq\Local Sites\fictional-university\app\public\wp-content\themes\fictional-university-theme\functions.php:11
Stack trace:
#0 C:\Users\mikeq\Local Sites\fictional-university\app\public\wp-content\themes\fictional-university-theme\page.php(7): pageBanner(Array)
#1 C:\Users\mikeq\Local Sites\fictional-university\app\public\wp-includes\template-loader.php(125): include('C:\\Users\\mikeq\\...')
#2 C:\Users\mikeq\Local Sites\fictional-university\app\public\wp-blog-header.php(19): require_once('C:\\Users\\mikeq\\...')
#3 C:\Users\mikeq\Local Sites\fictional-university\app\public\index.php(17): require('C:\\Users\\mikeq\\...')
#4 {main}
  thrown in C:\Users\mikeq\Local Sites\fictional-university\app\public\wp-content\themes\fictional-university-theme\functions.php on line 11
[06-Jan-2026 16:34:29 UTC] PHP Fatal error:  Uncaught TypeError: Cannot access offset of type string on string in C:\Users\mikeq\Local Sites\fictional-university\app\public\wp-content\themes\fictional-university-theme\functions.php:11
Stack trace:
#0 C:\Users\mikeq\Local Sites\fictional-university\app\public\wp-content\themes\fictional-university-theme\page.php(7): pageBanner(Array)
#1 C:\Users\mikeq\Local Sites\fictional-university\app\public\wp-includes\template-loader.php(125): include('C:\\Users\\mikeq\\...')
#2 C:\Users\mikeq\Local Sites\fictional-university\app\public\wp-blog-header.php(19): require_once('C:\\Users\\mikeq\\...')
#3 C:\Users\mikeq\Local Sites\fictional-university\app\public\index.php(17): require('C:\\Users\\mikeq\\...')
#4 {main}
  thrown in C:\Users\mikeq\Local Sites\fictional-university\app\public\wp-content\themes\fictional-university-theme\functions.php on line 11
[06-Jan-2026 16:34:47 UTC] PHP Fatal error:  Uncaught TypeError: Cannot access offset of type string on string in C:\Users\mikeq\Local Sites\fictional-university\app\public\wp-content\themes\fictional-university-theme\functions.php:11
Stack trace:
#0 C:\Users\mikeq\Local Sites\fictional-university\app\public\wp-content\themes\fictional-university-theme\page.php(7): pageBanner(Array)
#1 C:\Users\mikeq\Local Sites\fictional-university\app\public\wp-includes\template-loader.php(125): include('C:\\Users\\mikeq\\...')
#2 C:\Users\mikeq\Local Sites\fictional-university\app\public\wp-blog-header.php(19): require_once('C:\\Users\\mikeq\\...')
#3 C:\Users\mikeq\Local Sites\fictional-university\app\public\index.php(17): require('C:\\Users\\mikeq\\...')
#4 {main}
  thrown in C:\Users\mikeq\Local Sites\fictional-university\app\public\wp-content\themes\fictional-university-theme\functions.php on line 11
[06-Jan-2026 16:34:48 UTC] PHP Fatal error:  Uncaught TypeError: Cannot access offset of type string on string in C:\Users\mikeq\Local Sites\fictional-university\app\public\wp-content\themes\fictional-university-theme\functions.php:11
Stack trace:
#0 C:\Users\mikeq\Local Sites\fictional-university\app\public\wp-content\themes\fictional-university-theme\page.php(7): pageBanner(Array)
#1 C:\Users\mikeq\Local Sites\fictional-university\app\public\wp-includes\template-loader.php(125): include('C:\\Users\\mikeq\\...')
#2 C:\Users\mikeq\Local Sites\fictional-university\app\public\wp-blog-header.php(19): require_once('C:\\Users\\mikeq\\...')
#3 C:\Users\mikeq\Local Sites\fictional-university\app\public\index.php(17): require('C:\\Users\\mikeq\\...')
#4 {main}
  thrown in C:\Users\mikeq\Local Sites\fictional-university\app\public\wp-content\themes\fictional-university-theme\functions.php on line 11
[06-Jan-2026 16:35:34 UTC] PHP Fatal error:  Uncaught TypeError: Cannot access offset of type string on string in C:\Users\mikeq\Local Sites\fictional-university\app\public\wp-content\themes\fictional-university-theme\functions.php:11
Stack trace:
#0 C:\Users\mikeq\Local Sites\fictional-university\app\public\wp-content\themes\fictional-university-theme\page.php(7): pageBanner(Array)
#1 C:\Users\mikeq\Local Sites\fictional-university\app\public\wp-includes\template-loader.php(125): include('C:\\Users\\mikeq\\...')
#2 C:\Users\mikeq\Local Sites\fictional-university\app\public\wp-blog-header.php(19): require_once('C:\\Users\\mikeq\\...')
#3 C:\Users\mikeq\Local Sites\fictional-university\app\public\index.php(17): require('C:\\Users\\mikeq\\...')
#4 {main}
  thrown in C:\Users\mikeq\Local Sites\fictional-university\app\public\wp-content\themes\fictional-university-theme\functions.php on line 11
[07-Jan-2026 14:16:55 UTC] PHP Warning:  Undefined array key "size" in C:\Users\mikeq\Local Sites\fictional-university\app\public\wp-content\plugins\manual-image-crop\lib\ManualImageCropEditorWindow.php on line 79
[12-Jan-2026 14:30:09 UTC] PHP Fatal error:  Uncaught Error: Cannot unset string offsets in C:\Users\mikeq\Local Sites\fictional-university\app\public\wp-content\plugins\advanced-custom-fields\includes\fields\class-acf-field-google-map.php:89
Stack trace:
#0 C:\Users\mikeq\Local Sites\fictional-university\app\public\wp-includes\class-wp-hook.php(339): acf_field_google_map->input_admin_enqueue_scripts()
#1 C:\Users\mikeq\Local Sites\fictional-university\app\public\wp-includes\class-wp-hook.php(365): WP_Hook->apply_filters(NULL, Array)
#2 C:\Users\mikeq\Local Sites\fictional-university\app\public\wp-includes\plugin.php(522): WP_Hook->do_action(Array)
#3 C:\Users\mikeq\Local Sites\fictional-university\app\public\wp-content\plugins\advanced-custom-fields\includes\assets.php(394): do_action('acf/input/admin...')
#4 C:\Users\mikeq\Local Sites\fictional-university\app\public\wp-includes\class-wp-hook.php(341): ACF_Assets->enqueue_scripts('post.php')
#5 C:\Users\mikeq\Local Sites\fictional-university\app\public\wp-includes\class-wp-hook.php(365): WP_Hook->apply_filters(NULL, Array)
#6 C:\Users\mikeq\Local Sites\fictional-university\app\public\wp-includes\plugin.php(522): WP_Hook->do_action(Array)
#7 C:\Users\mikeq\Local Sites\fictional-university\app\public\wp-admin\admin-header.php(123): do_action('admin_enqueue_s...', 'post.php')
#8 C:\Users\mikeq\Local Sites\fictional-university\app\public\wp-admin\edit-form-blocks.php(376): require_once('C:\\Users\\mikeq\\...')
#9 C:\Users\mikeq\Local Sites\fictional-university\app\public\wp-admin\post.php(187): require('C:\\Users\\mikeq\\...')
#10 {main}
  thrown in C:\Users\mikeq\Local Sites\fictional-university\app\public\wp-content\plugins\advanced-custom-fields\includes\fields\class-acf-field-google-map.php on line 89
[12-Jan-2026 14:46:30 UTC] PHP Warning:  Array to string conversion in C:\Users\mikeq\Local Sites\fictional-university\app\public\wp-content\themes\fictional-university-theme\archive-campus.php on line 20
[12-Jan-2026 14:46:30 UTC] PHP Warning:  Array to string conversion in C:\Users\mikeq\Local Sites\fictional-university\app\public\wp-content\themes\fictional-university-theme\archive-campus.php on line 20
[12-Jan-2026 14:53:48 UTC] PHP Warning:  Array to string conversion in C:\Users\mikeq\Local Sites\fictional-university\app\public\wp-content\themes\fictional-university-theme\archive-campus.php on line 20
[12-Jan-2026 14:53:48 UTC] PHP Warning:  Array to string conversion in C:\Users\mikeq\Local Sites\fictional-university\app\public\wp-content\themes\fictional-university-theme\archive-campus.php on line 20
[12-Jan-2026 16:42:31 UTC] PHP Fatal error:  Uncaught Error: Call to a member function have_posts() on array in C:\Users\mikeq\Local Sites\fictional-university\app\public\wp-content\themes\fictional-university-theme\single-program.php:95
Stack trace:
#0 C:\Users\mikeq\Local Sites\fictional-university\app\public\wp-includes\template-loader.php(125): include()
#1 C:\Users\mikeq\Local Sites\fictional-university\app\public\wp-blog-header.php(19): require_once('C:\\Users\\mikeq\\...')
#2 C:\Users\mikeq\Local Sites\fictional-university\app\public\index.php(17): require('C:\\Users\\mikeq\\...')
#3 {main}
  thrown in C:\Users\mikeq\Local Sites\fictional-university\app\public\wp-content\themes\fictional-university-theme\single-program.php on line 95
[15-Jan-2026 11:37:44 UTC] PHP Warning:  require(C:\Users\mikeq\Local Sites\fictional-university\app\public/wp-content/themes/fictional-university-theme/includes/search-route.php): Failed to open stream: No such file or directory in C:\Users\mikeq\Local Sites\fictional-university\app\public\wp-content\themes\fictional-university-theme\functions.php on line 3
[15-Jan-2026 11:37:44 UTC] PHP Fatal error:  Uncaught Error: Failed opening required 'C:\Users\mikeq\Local Sites\fictional-university\app\public/wp-content/themes/fictional-university-theme/includes/search-route.php' (include_path='.:/usr/share/php:/www/wp-content/pear') in C:\Users\mikeq\Local Sites\fictional-university\app\public\wp-content\themes\fictional-university-theme\functions.php:3
Stack trace:
#0 C:\Users\mikeq\Local Sites\fictional-university\app\public\wp-settings.php(710): include()
#1 C:\Users\mikeq\Local Sites\fictional-university\app\public\wp-config.php(103): require_once('C:\\Users\\mikeq\\...')
#2 C:\Users\mikeq\Local Sites\fictional-university\app\public\wp-load.php(50): require_once('C:\\Users\\mikeq\\...')
#3 C:\Users\mikeq\Local Sites\fictional-university\app\public\wp-admin\admin-ajax.php(22): require_once('C:\\Users\\mikeq\\...')
#4 {main}
  thrown in C:\Users\mikeq\Local Sites\fictional-university\app\public\wp-content\themes\fictional-university-theme\functions.php on line 3
[15-Jan-2026 11:37:44 UTC] PHP Warning:  Trying to access array offset on value of type bool in C:\Users\mikeq\Local Sites\fictional-university\app\public\wp-includes\class-wp-recovery-mode-email-service.php on line 367
[15-Jan-2026 11:37:44 UTC] PHP Warning:  Trying to access array offset on value of type bool in C:\Users\mikeq\Local Sites\fictional-university\app\public\wp-includes\class-wp-recovery-mode-email-service.php on line 368
[15-Jan-2026 11:56:38 UTC] PHP Warning:  require(C:\Users\mikeq\Local Sites\fictional-university\app\public/wp-content/themes/fictional-university-theme/includes/search-route.php): Failed to open stream: No such file or directory in C:\Users\mikeq\Local Sites\fictional-university\app\public\wp-content\themes\fictional-university-theme\functions.php on line 3
[15-Jan-2026 11:56:38 UTC] PHP Fatal error:  Uncaught Error: Failed opening required 'C:\Users\mikeq\Local Sites\fictional-university\app\public/wp-content/themes/fictional-university-theme/includes/search-route.php' (include_path='.:/usr/share/php:/www/wp-content/pear') in C:\Users\mikeq\Local Sites\fictional-university\app\public\wp-content\themes\fictional-university-theme\functions.php:3
Stack trace:
#0 C:\Users\mikeq\Local Sites\fictional-university\app\public\wp-settings.php(710): include()
#1 C:\Users\mikeq\Local Sites\fictional-university\app\public\wp-config.php(103): require_once('C:\\Users\\mikeq\\...')
#2 C:\Users\mikeq\Local Sites\fictional-university\app\public\wp-load.php(50): require_once('C:\\Users\\mikeq\\...')
#3 C:\Users\mikeq\Local Sites\fictional-university\app\public\wp-blog-header.php(13): require_once('C:\\Users\\mikeq\\...')
#4 C:\Users\mikeq\Local Sites\fictional-university\app\public\index.php(17): require('C:\\Users\\mikeq\\...')
#5 {main}
  thrown in C:\Users\mikeq\Local Sites\fictional-university\app\public\wp-content\themes\fictional-university-theme\functions.php on line 3
[15-Jan-2026 11:57:10 UTC] PHP Warning:  require(C:\Users\mikeq\Local Sites\fictional-university\app\public/wp-content/themes/fictional-university-theme/includes/search-route.php): Failed to open stream: No such file or directory in C:\Users\mikeq\Local Sites\fictional-university\app\public\wp-content\themes\fictional-university-theme\functions.php on line 3
[15-Jan-2026 11:57:10 UTC] PHP Fatal error:  Uncaught Error: Failed opening required 'C:\Users\mikeq\Local Sites\fictional-university\app\public/wp-content/themes/fictional-university-theme/includes/search-route.php' (include_path='.:/usr/share/php:/www/wp-content/pear') in C:\Users\mikeq\Local Sites\fictional-university\app\public\wp-content\themes\fictional-university-theme\functions.php:3
Stack trace:
#0 C:\Users\mikeq\Local Sites\fictional-university\app\public\wp-settings.php(710): include()
#1 C:\Users\mikeq\Local Sites\fictional-university\app\public\wp-config.php(103): require_once('C:\\Users\\mikeq\\...')
#2 C:\Users\mikeq\Local Sites\fictional-university\app\public\wp-load.php(50): require_once('C:\\Users\\mikeq\\...')
#3 C:\Users\mikeq\Local Sites\fictional-university\app\public\wp-blog-header.php(13): require_once('C:\\Users\\mikeq\\...')
#4 C:\Users\mikeq\Local Sites\fictional-university\app\public\index.php(17): require('C:\\Users\\mikeq\\...')
#5 {main}
  thrown in C:\Users\mikeq\Local Sites\fictional-university\app\public\wp-content\themes\fictional-university-theme\functions.php on line 3
[15-Jan-2026 11:57:10 UTC] PHP Warning:  require(C:\Users\mikeq\Local Sites\fictional-university\app\public/wp-content/themes/fictional-university-theme/includes/search-route.php): Failed to open stream: No such file or directory in C:\Users\mikeq\Local Sites\fictional-university\app\public\wp-content\themes\fictional-university-theme\functions.php on line 3
[15-Jan-2026 11:57:10 UTC] PHP Fatal error:  Uncaught Error: Failed opening required 'C:\Users\mikeq\Local Sites\fictional-university\app\public/wp-content/themes/fictional-university-theme/includes/search-route.php' (include_path='.:/usr/share/php:/www/wp-content/pear') in C:\Users\mikeq\Local Sites\fictional-university\app\public\wp-content\themes\fictional-university-theme\functions.php:3
Stack trace:
#0 C:\Users\mikeq\Local Sites\fictional-university\app\public\wp-settings.php(710): include()
#1 C:\Users\mikeq\Local Sites\fictional-university\app\public\wp-config.php(103): require_once('C:\\Users\\mikeq\\...')
#2 C:\Users\mikeq\Local Sites\fictional-university\app\public\wp-load.php(50): require_once('C:\\Users\\mikeq\\...')
#3 C:\Users\mikeq\Local Sites\fictional-university\app\public\wp-blog-header.php(13): require_once('C:\\Users\\mikeq\\...')
#4 C:\Users\mikeq\Local Sites\fictional-university\app\public\index.php(17): require('C:\\Users\\mikeq\\...')
#5 {main}
  thrown in C:\Users\mikeq\Local Sites\fictional-university\app\public\wp-content\themes\fictional-university-theme\functions.php on line 3
[15-Jan-2026 11:57:10 UTC] PHP Warning:  require(C:\Users\mikeq\Local Sites\fictional-university\app\public/wp-content/themes/fictional-university-theme/includes/search-route.php): Failed to open stream: No such file or directory in C:\Users\mikeq\Local Sites\fictional-university\app\public\wp-content\themes\fictional-university-theme\functions.php on line 3
[15-Jan-2026 11:57:10 UTC] PHP Fatal error:  Uncaught Error: Failed opening required 'C:\Users\mikeq\Local Sites\fictional-university\app\public/wp-content/themes/fictional-university-theme/includes/search-route.php' (include_path='.:/usr/share/php:/www/wp-content/pear') in C:\Users\mikeq\Local Sites\fictional-university\app\public\wp-content\themes\fictional-university-theme\functions.php:3
Stack trace:
#0 C:\Users\mikeq\Local Sites\fictional-university\app\public\wp-settings.php(710): include()
#1 C:\Users\mikeq\Local Sites\fictional-university\app\public\wp-config.php(103): require_once('C:\\Users\\mikeq\\...')
#2 C:\Users\mikeq\Local Sites\fictional-university\app\public\wp-load.php(50): require_once('C:\\Users\\mikeq\\...')
#3 C:\Users\mikeq\Local Sites\fictional-university\app\public\wp-blog-header.php(13): require_once('C:\\Users\\mikeq\\...')
#4 C:\Users\mikeq\Local Sites\fictional-university\app\public\index.php(17): require('C:\\Users\\mikeq\\...')
#5 {main}
  thrown in C:\Users\mikeq\Local Sites\fictional-university\app\public\wp-content\themes\fictional-university-theme\functions.php on line 3
[15-Jan-2026 11:57:11 UTC] PHP Warning:  require(C:\Users\mikeq\Local Sites\fictional-university\app\public/wp-content/themes/fictional-university-theme/includes/search-route.php): Failed to open stream: No such file or directory in C:\Users\mikeq\Local Sites\fictional-university\app\public\wp-content\themes\fictional-university-theme\functions.php on line 3
[15-Jan-2026 11:57:11 UTC] PHP Fatal error:  Uncaught Error: Failed opening required 'C:\Users\mikeq\Local Sites\fictional-university\app\public/wp-content/themes/fictional-university-theme/includes/search-route.php' (include_path='.:/usr/share/php:/www/wp-content/pear') in C:\Users\mikeq\Local Sites\fictional-university\app\public\wp-content\themes\fictional-university-theme\functions.php:3
Stack trace:
#0 C:\Users\mikeq\Local Sites\fictional-university\app\public\wp-settings.php(710): include()
#1 C:\Users\mikeq\Local Sites\fictional-university\app\public\wp-config.php(103): require_once('C:\\Users\\mikeq\\...')
#2 C:\Users\mikeq\Local Sites\fictional-university\app\public\wp-load.php(50): require_once('C:\\Users\\mikeq\\...')
#3 C:\Users\mikeq\Local Sites\fictional-university\app\public\wp-blog-header.php(13): require_once('C:\\Users\\mikeq\\...')
#4 C:\Users\mikeq\Local Sites\fictional-university\app\public\index.php(17): require('C:\\Users\\mikeq\\...')
#5 {main}
  thrown in C:\Users\mikeq\Local Sites\fictional-university\app\public\wp-content\themes\fictional-university-theme\functions.php on line 3
[15-Jan-2026 11:57:57 UTC] PHP Warning:  require(C:\Users\mikeq\Local Sites\fictional-university\app\public/wp-content/themes/fictional-university-theme/includes/search-route.php): Failed to open stream: No such file or directory in C:\Users\mikeq\Local Sites\fictional-university\app\public\wp-content\themes\fictional-university-theme\functions.php on line 3
[15-Jan-2026 11:57:57 UTC] PHP Fatal error:  Uncaught Error: Failed opening required 'C:\Users\mikeq\Local Sites\fictional-university\app\public/wp-content/themes/fictional-university-theme/includes/search-route.php' (include_path='.:/usr/share/php:/www/wp-content/pear') in C:\Users\mikeq\Local Sites\fictional-university\app\public\wp-content\themes\fictional-university-theme\functions.php:3
Stack trace:
#0 C:\Users\mikeq\Local Sites\fictional-university\app\public\wp-settings.php(710): include()
#1 C:\Users\mikeq\Local Sites\fictional-university\app\public\wp-config.php(103): require_once('C:\\Users\\mikeq\\...')
#2 C:\Users\mikeq\Local Sites\fictional-university\app\public\wp-load.php(50): require_once('C:\\Users\\mikeq\\...')
#3 C:\Users\mikeq\Local Sites\fictional-university\app\public\wp-blog-header.php(13): require_once('C:\\Users\\mikeq\\...')
#4 C:\Users\mikeq\Local Sites\fictional-university\app\public\index.php(17): require('C:\\Users\\mikeq\\...')
#5 {main}
  thrown in C:\Users\mikeq\Local Sites\fictional-university\app\public\wp-content\themes\fictional-university-theme\functions.php on line 3
[15-Jan-2026 11:57:57 UTC] PHP Warning:  require(C:\Users\mikeq\Local Sites\fictional-university\app\public/wp-content/themes/fictional-university-theme/includes/search-route.php): Failed to open stream: No such file or directory in C:\Users\mikeq\Local Sites\fictional-university\app\public\wp-content\themes\fictional-university-theme\functions.php on line 3
[15-Jan-2026 11:57:57 UTC] PHP Fatal error:  Uncaught Error: Failed opening required 'C:\Users\mikeq\Local Sites\fictional-university\app\public/wp-content/themes/fictional-university-theme/includes/search-route.php' (include_path='.:/usr/share/php:/www/wp-content/pear') in C:\Users\mikeq\Local Sites\fictional-university\app\public\wp-content\themes\fictional-university-theme\functions.php:3
Stack trace:
#0 C:\Users\mikeq\Local Sites\fictional-university\app\public\wp-settings.php(710): include()
#1 C:\Users\mikeq\Local Sites\fictional-university\app\public\wp-config.php(103): require_once('C:\\Users\\mikeq\\...')
#2 C:\Users\mikeq\Local Sites\fictional-university\app\public\wp-load.php(50): require_once('C:\\Users\\mikeq\\...')
#3 C:\Users\mikeq\Local Sites\fictional-university\app\public\wp-blog-header.php(13): require_once('C:\\Users\\mikeq\\...')
#4 C:\Users\mikeq\Local Sites\fictional-university\app\public\index.php(17): require('C:\\Users\\mikeq\\...')
#5 {main}
  thrown in C:\Users\mikeq\Local Sites\fictional-university\app\public\wp-content\themes\fictional-university-theme\functions.php on line 3
[15-Jan-2026 11:57:58 UTC] PHP Warning:  require(C:\Users\mikeq\Local Sites\fictional-university\app\public/wp-content/themes/fictional-university-theme/includes/search-route.php): Failed to open stream: No such file or directory in C:\Users\mikeq\Local Sites\fictional-university\app\public\wp-content\themes\fictional-university-theme\functions.php on line 3
[15-Jan-2026 11:57:58 UTC] PHP Fatal error:  Uncaught Error: Failed opening required 'C:\Users\mikeq\Local Sites\fictional-university\app\public/wp-content/themes/fictional-university-theme/includes/search-route.php' (include_path='.:/usr/share/php:/www/wp-content/pear') in C:\Users\mikeq\Local Sites\fictional-university\app\public\wp-content\themes\fictional-university-theme\functions.php:3
Stack trace:
#0 C:\Users\mikeq\Local Sites\fictional-university\app\public\wp-settings.php(710): include()
#1 C:\Users\mikeq\Local Sites\fictional-university\app\public\wp-config.php(103): require_once('C:\\Users\\mikeq\\...')
#2 C:\Users\mikeq\Local Sites\fictional-university\app\public\wp-load.php(50): require_once('C:\\Users\\mikeq\\...')
#3 C:\Users\mikeq\Local Sites\fictional-university\app\public\wp-blog-header.php(13): require_once('C:\\Users\\mikeq\\...')
#4 C:\Users\mikeq\Local Sites\fictional-university\app\public\index.php(17): require('C:\\Users\\mikeq\\...')
#5 {main}
  thrown in C:\Users\mikeq\Local Sites\fictional-university\app\public\wp-content\themes\fictional-university-theme\functions.php on line 3
[15-Jan-2026 11:57:58 UTC] PHP Warning:  require(C:\Users\mikeq\Local Sites\fictional-university\app\public/wp-content/themes/fictional-university-theme/includes/search-route.php): Failed to open stream: No such file or directory in C:\Users\mikeq\Local Sites\fictional-university\app\public\wp-content\themes\fictional-university-theme\functions.php on line 3
[15-Jan-2026 11:57:58 UTC] PHP Fatal error:  Uncaught Error: Failed opening required 'C:\Users\mikeq\Local Sites\fictional-university\app\public/wp-content/themes/fictional-university-theme/includes/search-route.php' (include_path='.:/usr/share/php:/www/wp-content/pear') in C:\Users\mikeq\Local Sites\fictional-university\app\public\wp-content\themes\fictional-university-theme\functions.php:3
Stack trace:
#0 C:\Users\mikeq\Local Sites\fictional-university\app\public\wp-settings.php(710): include()
#1 C:\Users\mikeq\Local Sites\fictional-university\app\public\wp-config.php(103): require_once('C:\\Users\\mikeq\\...')
#2 C:\Users\mikeq\Local Sites\fictional-university\app\public\wp-load.php(50): require_once('C:\\Users\\mikeq\\...')
#3 C:\Users\mikeq\Local Sites\fictional-university\app\public\wp-blog-header.php(13): require_once('C:\\Users\\mikeq\\...')
#4 C:\Users\mikeq\Local Sites\fictional-university\app\public\index.php(17): require('C:\\Users\\mikeq\\...')
#5 {main}
  thrown in C:\Users\mikeq\Local Sites\fictional-university\app\public\wp-content\themes\fictional-university-theme\functions.php on line 3
[15-Jan-2026 11:58:05 UTC] PHP Warning:  require(C:\Users\mikeq\Local Sites\fictional-university\app\public/wp-content/themes/fictional-university-theme/includes/search-route.php): Failed to open stream: No such file or directory in C:\Users\mikeq\Local Sites\fictional-university\app\public\wp-content\themes\fictional-university-theme\functions.php on line 3
[15-Jan-2026 11:58:05 UTC] PHP Fatal error:  Uncaught Error: Failed opening required 'C:\Users\mikeq\Local Sites\fictional-university\app\public/wp-content/themes/fictional-university-theme/includes/search-route.php' (include_path='.:/usr/share/php:/www/wp-content/pear') in C:\Users\mikeq\Local Sites\fictional-university\app\public\wp-content\themes\fictional-university-theme\functions.php:3
Stack trace:
#0 C:\Users\mikeq\Local Sites\fictional-university\app\public\wp-settings.php(710): include()
#1 C:\Users\mikeq\Local Sites\fictional-university\app\public\wp-config.php(103): require_once('C:\\Users\\mikeq\\...')
#2 C:\Users\mikeq\Local Sites\fictional-university\app\public\wp-load.php(50): require_once('C:\\Users\\mikeq\\...')
#3 C:\Users\mikeq\Local Sites\fictional-university\app\public\wp-blog-header.php(13): require_once('C:\\Users\\mikeq\\...')
#4 C:\Users\mikeq\Local Sites\fictional-university\app\public\index.php(17): require('C:\\Users\\mikeq\\...')
#5 {main}
  thrown in C:\Users\mikeq\Local Sites\fictional-university\app\public\wp-content\themes\fictional-university-theme\functions.php on line 3
[15-Jan-2026 11:58:06 UTC] PHP Warning:  require(C:\Users\mikeq\Local Sites\fictional-university\app\public/wp-content/themes/fictional-university-theme/includes/search-route.php): Failed to open stream: No such file or directory in C:\Users\mikeq\Local Sites\fictional-university\app\public\wp-content\themes\fictional-university-theme\functions.php on line 3
[15-Jan-2026 11:58:06 UTC] PHP Fatal error:  Uncaught Error: Failed opening required 'C:\Users\mikeq\Local Sites\fictional-university\app\public/wp-content/themes/fictional-university-theme/includes/search-route.php' (include_path='.:/usr/share/php:/www/wp-content/pear') in C:\Users\mikeq\Local Sites\fictional-university\app\public\wp-content\themes\fictional-university-theme\functions.php:3
Stack trace:
#0 C:\Users\mikeq\Local Sites\fictional-university\app\public\wp-settings.php(710): include()
#1 C:\Users\mikeq\Local Sites\fictional-university\app\public\wp-config.php(103): require_once('C:\\Users\\mikeq\\...')
#2 C:\Users\mikeq\Local Sites\fictional-university\app\public\wp-load.php(50): require_once('C:\\Users\\mikeq\\...')
#3 C:\Users\mikeq\Local Sites\fictional-university\app\public\wp-blog-header.php(13): require_once('C:\\Users\\mikeq\\...')
#4 C:\Users\mikeq\Local Sites\fictional-university\app\public\index.php(17): require('C:\\Users\\mikeq\\...')
#5 {main}
  thrown in C:\Users\mikeq\Local Sites\fictional-university\app\public\wp-content\themes\fictional-university-theme\functions.php on line 3
[15-Jan-2026 14:47:53 UTC] PHP Warning:  Undefined array key "size" in C:\Users\mikeq\Local Sites\fictional-university\app\public\wp-content\plugins\manual-image-crop\lib\ManualImageCropEditorWindow.php on line 79
[15-Jan-2026 15:41:58 UTC] PHP Warning:  Undefined variable $eventDate in C:\Users\mikeq\Local Sites\fictional-university\app\public\wp-content\themes\fictional-university-theme\inc\search-route.php on line 94
[15-Jan-2026 15:41:58 UTC] PHP Warning:  Undefined variable $eventDate in C:\Users\mikeq\Local Sites\fictional-university\app\public\wp-content\themes\fictional-university-theme\inc\search-route.php on line 95
[15-Jan-2026 15:41:58 UTC] PHP Fatal error:  Uncaught Error: Call to a member function format() on null in C:\Users\mikeq\Local Sites\fictional-university\app\public\wp-content\themes\fictional-university-theme\inc\search-route.php:95
Stack trace:
#0 C:\Users\mikeq\Local Sites\fictional-university\app\public\wp-includes\rest-api\class-wp-rest-server.php(1292): universitySearchResults(Object(WP_REST_Request))
#1 C:\Users\mikeq\Local Sites\fictional-university\app\public\wp-includes\rest-api\class-wp-rest-server.php(1125): WP_REST_Server->respond_to_request(Object(WP_REST_Request), '/university/v1/...', Array, NULL)
#2 C:\Users\mikeq\Local Sites\fictional-university\app\public\wp-includes\rest-api\class-wp-rest-server.php(439): WP_REST_Server->dispatch(Object(WP_REST_Request))
#3 C:\Users\mikeq\Local Sites\fictional-university\app\public\wp-includes\rest-api.php(467): WP_REST_Server->serve_request('/university/v1/...')
#4 C:\Users\mikeq\Local Sites\fictional-university\app\public\wp-includes\class-wp-hook.php(341): rest_api_loaded(Object(WP))
#5 C:\Users\mikeq\Local Sites\fictional-university\app\public\wp-includes\class-wp-hook.php(365): WP_Hook->apply_filters('', Array)
#6 C:\Users\mikeq\Local Sites\fictional-university\app\public\wp-includes\plugin.php(570): WP_Hook->do_action(Array)
#7 C:\Users\mikeq\Local Sites\fictional-university\app\public\wp-includes\class-wp.php(418): do_action_ref_array('parse_request', Array)
#8 C:\Users\mikeq\Local Sites\fictional-university\app\public\wp-includes\class-wp.php(821): WP->parse_request('')
#9 C:\Users\mikeq\Local Sites\fictional-university\app\public\wp-includes\functions.php(1343): WP->main('')
#10 C:\Users\mikeq\Local Sites\fictional-university\app\public\wp-blog-header.php(16): wp()
#11 C:\Users\mikeq\Local Sites\fictional-university\app\public\index.php(17): require('C:\\Users\\mikeq\\...')
#12 {main}
  thrown in C:\Users\mikeq\Local Sites\fictional-university\app\public\wp-content\themes\fictional-university-theme\inc\search-route.php on line 95
[15-Jan-2026 15:42:12 UTC] PHP Warning:  Undefined variable $eventDate in C:\Users\mikeq\Local Sites\fictional-university\app\public\wp-content\themes\fictional-university-theme\inc\search-route.php on line 94
[15-Jan-2026 15:42:12 UTC] PHP Warning:  Undefined variable $eventDate in C:\Users\mikeq\Local Sites\fictional-university\app\public\wp-content\themes\fictional-university-theme\inc\search-route.php on line 95
[15-Jan-2026 15:42:12 UTC] PHP Fatal error:  Uncaught Error: Call to a member function format() on null in C:\Users\mikeq\Local Sites\fictional-university\app\public\wp-content\themes\fictional-university-theme\inc\search-route.php:95
Stack trace:
#0 C:\Users\mikeq\Local Sites\fictional-university\app\public\wp-includes\rest-api\class-wp-rest-server.php(1292): universitySearchResults(Object(WP_REST_Request))
#1 C:\Users\mikeq\Local Sites\fictional-university\app\public\wp-includes\rest-api\class-wp-rest-server.php(1125): WP_REST_Server->respond_to_request(Object(WP_REST_Request), '/university/v1/...', Array, NULL)
#2 C:\Users\mikeq\Local Sites\fictional-university\app\public\wp-includes\rest-api\class-wp-rest-server.php(439): WP_REST_Server->dispatch(Object(WP_REST_Request))
#3 C:\Users\mikeq\Local Sites\fictional-university\app\public\wp-includes\rest-api.php(467): WP_REST_Server->serve_request('/university/v1/...')
#4 C:\Users\mikeq\Local Sites\fictional-university\app\public\wp-includes\class-wp-hook.php(341): rest_api_loaded(Object(WP))
#5 C:\Users\mikeq\Local Sites\fictional-university\app\public\wp-includes\class-wp-hook.php(365): WP_Hook->apply_filters('', Array)
#6 C:\Users\mikeq\Local Sites\fictional-university\app\public\wp-includes\plugin.php(570): WP_Hook->do_action(Array)
#7 C:\Users\mikeq\Local Sites\fictional-university\app\public\wp-includes\class-wp.php(418): do_action_ref_array('parse_request', Array)
#8 C:\Users\mikeq\Local Sites\fictional-university\app\public\wp-includes\class-wp.php(821): WP->parse_request('')
#9 C:\Users\mikeq\Local Sites\fictional-university\app\public\wp-includes\functions.php(1343): WP->main('')
#10 C:\Users\mikeq\Local Sites\fictional-university\app\public\wp-blog-header.php(16): wp()
#11 C:\Users\mikeq\Local Sites\fictional-university\app\public\index.php(17): require('C:\\Users\\mikeq\\...')
#12 {main}
  thrown in C:\Users\mikeq\Local Sites\fictional-university\app\public\wp-content\themes\fictional-university-theme\inc\search-route.php on line 95
[02-Feb-2026 18:46:08 UTC] PHP Warning:  Undefined variable $existQuery in C:\Users\mikeq\Local Sites\fictional-university\app\public\wp-content\themes\fictional-university-theme\single-professor.php on line 50
[02-Feb-2026 18:46:08 UTC] PHP Warning:  Attempt to read property "posts" on null in C:\Users\mikeq\Local Sites\fictional-university\app\public\wp-content\themes\fictional-university-theme\single-professor.php on line 50
[02-Feb-2026 18:46:08 UTC] PHP Warning:  Trying to access array offset on value of type null in C:\Users\mikeq\Local Sites\fictional-university\app\public\wp-content\themes\fictional-university-theme\single-professor.php on line 50
[02-Feb-2026 18:46:08 UTC] PHP Warning:  Attempt to read property "ID" on null in C:\Users\mikeq\Local Sites\fictional-university\app\public\wp-content\themes\fictional-university-theme\single-professor.php on line 50
[02-Feb-2026 18:46:16 UTC] PHP Warning:  Undefined variable $existQuery in C:\Users\mikeq\Local Sites\fictional-university\app\public\wp-content\themes\fictional-university-theme\single-professor.php on line 50
[02-Feb-2026 18:46:16 UTC] PHP Warning:  Attempt to read property "posts" on null in C:\Users\mikeq\Local Sites\fictional-university\app\public\wp-content\themes\fictional-university-theme\single-professor.php on line 50
[02-Feb-2026 18:46:16 UTC] PHP Warning:  Trying to access array offset on value of type null in C:\Users\mikeq\Local Sites\fictional-university\app\public\wp-content\themes\fictional-university-theme\single-professor.php on line 50
[02-Feb-2026 18:46:16 UTC] PHP Warning:  Attempt to read property "ID" on null in C:\Users\mikeq\Local Sites\fictional-university\app\public\wp-content\themes\fictional-university-theme\single-professor.php on line 50
[02-Feb-2026 18:46:34 UTC] PHP Warning:  Undefined array key 0 in C:\Users\mikeq\Local Sites\fictional-university\app\public\wp-content\themes\fictional-university-theme\single-professor.php on line 50
[02-Feb-2026 18:46:34 UTC] PHP Warning:  Attempt to read property "ID" on null in C:\Users\mikeq\Local Sites\fictional-university\app\public\wp-content\themes\fictional-university-theme\single-professor.php on line 50
[02-Feb-2026 18:46:55 UTC] PHP Warning:  Undefined array key 0 in C:\Users\mikeq\Local Sites\fictional-university\app\public\wp-content\themes\fictional-university-theme\single-professor.php on line 50
[02-Feb-2026 18:46:55 UTC] PHP Warning:  Attempt to read property "ID" on null in C:\Users\mikeq\Local Sites\fictional-university\app\public\wp-content\themes\fictional-university-theme\single-professor.php on line 50
[02-Feb-2026 18:46:58 UTC] PHP Warning:  Undefined array key 0 in C:\Users\mikeq\Local Sites\fictional-university\app\public\wp-content\themes\fictional-university-theme\single-professor.php on line 50
[02-Feb-2026 18:46:58 UTC] PHP Warning:  Attempt to read property "ID" on null in C:\Users\mikeq\Local Sites\fictional-university\app\public\wp-content\themes\fictional-university-theme\single-professor.php on line 50
